-------------------------------------------------------------------------------
Test set: codeurjc.ApplicationTests
-------------------------------------------------------------------------------
Tests run: 1, Failures: 0, Errors: 1, Skipped: 0, Time elapsed: 0.367 s <<< FAILURE! - in codeurjc.ApplicationTests
codeurjc.ApplicationTests  Time elapsed: 0.365 s  <<< ERROR!
java.lang.IllegalStateException: Unable to find a @SpringBootConfiguration, you need to use @ContextConfiguration or @SpringBootTest(classes=...) with your test

